[2023-12-23 04:39:57,678] {scheduler_job.py:182} INFO - Started process (PID=37) to work on /home/airflow/.local/lib/python3.6/site-packages/airflow/example_dags/example_subdag_operator.py
[2023-12-23 04:39:57,702] {scheduler_job.py:629} INFO - Processing file /home/airflow/.local/lib/python3.6/site-packages/airflow/example_dags/example_subdag_operator.py for tasks to queue
[2023-12-23 04:39:57,718] {logging_mixin.py:104} INFO - [2023-12-23 04:39:57,718] {dagbag.py:451} INFO - Filling up the DagBag from /home/airflow/.local/lib/python3.6/site-packages/airflow/example_dags/example_subdag_operator.py
[2023-12-23 04:39:58,074] {scheduler_job.py:639} INFO - DAG(s) dict_keys(['example_subdag_operator.section-1', 'example_subdag_operator.section-2', 'example_subdag_operator']) retrieved from /home/airflow/.local/lib/python3.6/site-packages/airflow/example_dags/example_subdag_operator.py
[2023-12-23 04:39:58,152] {logging_mixin.py:104} INFO - [2023-12-23 04:39:58,152] {dag.py:1824} INFO - Sync 3 DAGs
[2023-12-23 04:39:58,247] {logging_mixin.py:104} INFO - [2023-12-23 04:39:58,247] {dag.py:1843} INFO - Creating ORM DAG for example_subdag_operator.section-1
[2023-12-23 04:39:58,261] {logging_mixin.py:104} INFO - [2023-12-23 04:39:58,261] {dag.py:1843} INFO - Creating ORM DAG for example_subdag_operator
[2023-12-23 04:39:58,286] {logging_mixin.py:104} INFO - [2023-12-23 04:39:58,285] {dag.py:1843} INFO - Creating ORM DAG for example_subdag_operator.section-2
[2023-12-23 04:39:58,358] {logging_mixin.py:104} INFO - [2023-12-23 04:39:58,358] {dag.py:2280} INFO - Setting next_dagrun for example_subdag_operator to 2023-12-21 00:00:00+00:00
[2023-12-23 04:39:58,380] {logging_mixin.py:104} INFO - [2023-12-23 04:39:58,380] {dag.py:2280} INFO - Setting next_dagrun for example_subdag_operator.section-1 to None
[2023-12-23 04:39:58,385] {logging_mixin.py:104} INFO - [2023-12-23 04:39:58,385] {dag.py:2280} INFO - Setting next_dagrun for example_subdag_operator.section-2 to None
[2023-12-23 04:39:58,475] {logging_mixin.py:104} INFO - [2023-12-23 04:39:58,473] {dag.py:1824} INFO - Sync 2 DAGs
[2023-12-23 04:39:58,533] {logging_mixin.py:104} INFO - [2023-12-23 04:39:58,533] {dag.py:2280} INFO - Setting next_dagrun for example_subdag_operator.section-1 to None
[2023-12-23 04:39:58,552] {logging_mixin.py:104} INFO - [2023-12-23 04:39:58,552] {dag.py:2280} INFO - Setting next_dagrun for example_subdag_operator.section-2 to None
[2023-12-23 04:39:58,594] {scheduler_job.py:190} INFO - Processing /home/airflow/.local/lib/python3.6/site-packages/airflow/example_dags/example_subdag_operator.py took 0.948 seconds
[2023-12-23 04:40:41,751] {scheduler_job.py:182} INFO - Started process (PID=63) to work on /home/airflow/.local/lib/python3.6/site-packages/airflow/example_dags/example_subdag_operator.py
[2023-12-23 04:40:41,811] {scheduler_job.py:629} INFO - Processing file /home/airflow/.local/lib/python3.6/site-packages/airflow/example_dags/example_subdag_operator.py for tasks to queue
[2023-12-23 04:40:41,827] {logging_mixin.py:104} INFO - [2023-12-23 04:40:41,824] {dagbag.py:451} INFO - Filling up the DagBag from /home/airflow/.local/lib/python3.6/site-packages/airflow/example_dags/example_subdag_operator.py
[2023-12-23 04:40:42,224] {scheduler_job.py:639} INFO - DAG(s) dict_keys(['example_subdag_operator.section-1', 'example_subdag_operator.section-2', 'example_subdag_operator']) retrieved from /home/airflow/.local/lib/python3.6/site-packages/airflow/example_dags/example_subdag_operator.py
[2023-12-23 04:40:42,371] {logging_mixin.py:104} INFO - [2023-12-23 04:40:42,370] {dag.py:1824} INFO - Sync 3 DAGs
[2023-12-23 04:40:43,541] {logging_mixin.py:104} INFO - [2023-12-23 04:40:43,541] {dag.py:2280} INFO - Setting next_dagrun for example_subdag_operator to 2023-12-21 00:00:00+00:00
[2023-12-23 04:40:43,570] {logging_mixin.py:104} INFO - [2023-12-23 04:40:43,570] {dag.py:2280} INFO - Setting next_dagrun for example_subdag_operator.section-1 to None
[2023-12-23 04:40:49,030] {logging_mixin.py:104} WARNING - --- Logging error ---
--- Logging error ---
--- Logging error ---
--- Logging error ---
--- Logging error ---
--- Logging error ---
--- Logging error ---
--- Logging error ---
--- Logging error ---
--- Logging error ---
--- Logging error ---
--- Logging error ---
--- Logging error ---
--- Logging error ---
--- Logging error ---
--- Logging error ---
--- Logging error ---
--- Logging error ---
--- Logging error ---
--- Logging error ---
--- Logging error ---
--- Logging error ---
--- Logging error ---
--- Logging error ---
--- Logging error ---
--- Logging error ---
--- Logging error ---
--- Logging error ---
--- Logging error ---
--- Logging error ---
--- Logging error ---
--- Logging error ---
--- Logging error ---
--- Logging error ---
--- Logging error ---
--- Logging error ---
--- Logging error ---
--- Logging error ---
--- Logging error ---
--- Logging error ---
--- Logging error ---
--- Logging error ---
--- Logging error ---
--- Logging error ---
--- Logging error ---
--- Logging error ---
--- Logging error ---
--- Logging error ---
--- Logging error ---
--- Logging error ---
--- Logging error ---
--- Logging error ---
--- Logging error ---
--- Logging error ---
--- Logging error ---
--- Logging error ---
--- Logging error ---
--- Logging error ---
--- Logging error ---
--- Logging error ---
--- Logging error ---
--- Logging error ---
--- Logging error ---
--- Logging error ---
--- Logging error ---
--- Logging error ---
--- Logging error ---
--- Logging error ---
--- Logging error ---
--- Logging error ---
--- Logging error ---
--- Logging error ---
--- Logging error ---
--- Logging error ---
--- Logging error ---
--- Logging error ---
--- Logging error ---
--- Logging error ---
--- Logging error ---
--- Logging error ---
--- Logging error ---
--- Logging error ---
--- Logging error ---
--- Logging error ---
--- Logging error ---
--- Logging error ---
--- Logging error ---
--- Logging error ---
--- Logging error ---
--- Logging error ---
--- Logging error ---
--- Logging error ---
--- Logging error ---
--- Logging error ---
--- Logging error ---
--- Logging error ---
--- Logging error ---
--- Logging error ---
--- Logging error ---
--- Logging error ---
--- Logging error ---
--- Logging error ---
--- Logging error ---
--- Logging error ---
--- Logging error ---
--- Logging error ---
--- Logging error ---
--- Logging error ---
--- Logging error ---
--- Logging error ---
--- Logging error ---
--- Logging error ---
--- Logging error ---
--- Logging error ---
--- Logging error ---
--- Logging error ---
--- Logging error ---
--- Logging error ---
--- Logging error ---
--- Logging error ---
--- Logging error ---
--- Logging error ---
--- Logging error ---
--- Logging error ---
--- Logging error ---
--- Logging error ---
--- Logging error ---
--- Logging error ---
--- Logging error ---
--- Logging error ---
--- Logging error ---
--- Logging error ---
--- Logging error ---
--- Logging error ---
--- Logging error ---
--- Logging error ---
--- Logging error ---
--- Logging error ---
--- Logging error ---
--- Logging error ---
[2023-12-23 04:40:49,139] {logging_mixin.py:104} INFO - [2023-12-23 04:40:43,570] {dag.py:2280} INFO - Setting next_dagrun for example_subdag_operator.section-1 to None
[2023-12-23 04:40:48,954] {process_utils.py:206} INFO - Waiting up to 5 seconds for processes to exit...
[2023-12-23 04:40:49,139] {process_utils.py:206} INFO - Waiting up to 5 seconds for processes to exit...
