[2023-12-23 04:39:45,006] {dag_processing.py:601} INFO - Processing files using up to 2 processes at a time 
[2023-12-23 04:39:45,078] {dag_processing.py:602} INFO - Process each file at most once every 30 seconds
[2023-12-23 04:39:45,099] {dag_processing.py:604} INFO - Checking for new files in /opt/airflow/dags every 300 seconds
[2023-12-23 04:39:45,112] {dag_processing.py:752} INFO - Searching for files in /opt/airflow/dags
[2023-12-23 04:39:46,207] {dag_processing.py:755} INFO - There are 26 files in /opt/airflow/dags
[2023-12-23 04:39:47,593] {dag_processing.py:1092} INFO - Finding 'running' jobs without a recent heartbeat
[2023-12-23 04:39:48,448] {dag_processing.py:1096} INFO - Failing jobs without heartbeat after 2023-12-23 04:34:48.447737+00:00
[2023-12-23 04:39:52,006] {dag_processing.py:859} INFO - 
================================================================================
DAG File Processing Stats

File Path                                                                                                           PID  Runtime      # DAGs    # Errors  Last Runtime    Last Run
----------------------------------------------------------------------------------------------------------------  -----  ---------  --------  ----------  --------------  ----------
/home/airflow/.local/lib/python3.6/site-packages/airflow/example_dags/example_dag_decorator.py                                             0           0
/home/airflow/.local/lib/python3.6/site-packages/airflow/example_dags/example_subdag_operator.py                                           0           0
/home/airflow/.local/lib/python3.6/site-packages/airflow/example_dags/example_complex.py                                                   0           0
/home/airflow/.local/lib/python3.6/site-packages/airflow/example_dags/example_short_circuit_operator.py                                    0           0
/home/airflow/.local/lib/python3.6/site-packages/airflow/example_dags/example_xcom.py                                                      0           0
/home/airflow/.local/lib/python3.6/site-packages/airflow/example_dags/example_passing_params_via_test_command.py                           0           0
/home/airflow/.local/lib/python3.6/site-packages/airflow/example_dags/example_kubernetes_executor.py                 30  4.46s             0           0
/home/airflow/.local/lib/python3.6/site-packages/airflow/example_dags/example_latest_only.py                                               0           0
/home/airflow/.local/lib/python3.6/site-packages/airflow/example_dags/example_branch_operator.py                                           0           0
/home/airflow/.local/lib/python3.6/site-packages/airflow/example_dags/example_latest_only_with_trigger.py                                  0           0
/home/airflow/.local/lib/python3.6/site-packages/airflow/example_dags/tutorial_etl_dag.py                                                  0           0
/home/airflow/.local/lib/python3.6/site-packages/airflow/example_dags/example_python_operator.py                                           0           0
/home/airflow/.local/lib/python3.6/site-packages/airflow/example_dags/example_branch_python_dop_operator_3.py                              0           0
/home/airflow/.local/lib/python3.6/site-packages/airflow/example_dags/example_trigger_target_dag.py                  29  4.49s             0           0
/home/airflow/.local/lib/python3.6/site-packages/airflow/example_dags/tutorial_taskflow_api_etl.py                                         0           0
/home/airflow/.local/lib/python3.6/site-packages/airflow/example_dags/example_task_group.py                                                0           0
/home/airflow/.local/lib/python3.6/site-packages/airflow/example_dags/example_trigger_controller_dag.py                                    0           0
/home/airflow/.local/lib/python3.6/site-packages/airflow/example_dags/example_external_task_marker_dag.py                                  0           0
/home/airflow/.local/lib/python3.6/site-packages/airflow/example_dags/example_bash_operator.py                                             0           0
/home/airflow/.local/lib/python3.6/site-packages/airflow/example_dags/example_xcomargs.py                                                  0           0
/home/airflow/.local/lib/python3.6/site-packages/airflow/example_dags/tutorial.py                                                          0           0
/home/airflow/.local/lib/python3.6/site-packages/airflow/example_dags/test_utils.py                                                        0           0
/home/airflow/.local/lib/python3.6/site-packages/airflow/example_dags/example_skip_dag.py                                                  0           0
/home/airflow/.local/lib/python3.6/site-packages/airflow/example_dags/example_kubernetes_executor_config.py                                0           0
/home/airflow/.local/lib/python3.6/site-packages/airflow/example_dags/example_nested_branch_dag.py                                         0           0
/home/airflow/.local/lib/python3.6/site-packages/airflow/example_dags/subdags/subdag.py                                                    0           0
================================================================================
[2023-12-23 04:40:02,023] {dag_processing.py:1092} INFO - Finding 'running' jobs without a recent heartbeat
[2023-12-23 04:40:02,932] {dag_processing.py:1096} INFO - Failing jobs without heartbeat after 2023-12-23 04:35:02.930582+00:00
[2023-12-23 04:40:14,945] {dag_processing.py:1092} INFO - Finding 'running' jobs without a recent heartbeat
[2023-12-23 04:40:15,001] {dag_processing.py:1096} INFO - Failing jobs without heartbeat after 2023-12-23 04:35:15.001853+00:00
[2023-12-23 04:40:22,329] {dag_processing.py:859} INFO - 
================================================================================
DAG File Processing Stats

File Path                                                                                                           PID  Runtime      # DAGs    # Errors  Last Runtime    Last Run
----------------------------------------------------------------------------------------------------------------  -----  ---------  --------  ----------  --------------  -------------------
/home/airflow/.local/lib/python3.6/site-packages/airflow/example_dags/example_dag_decorator.py                                             0           0
/home/airflow/.local/lib/python3.6/site-packages/airflow/example_dags/example_python_operator.py                     46  1.08s             0           0
/home/airflow/.local/lib/python3.6/site-packages/airflow/example_dags/example_branch_python_dop_operator_3.py        47  0.54s             0           0
/home/airflow/.local/lib/python3.6/site-packages/airflow/example_dags/example_task_group.py                                                0           0
/home/airflow/.local/lib/python3.6/site-packages/airflow/example_dags/example_trigger_controller_dag.py                                    0           0
/home/airflow/.local/lib/python3.6/site-packages/airflow/example_dags/example_bash_operator.py                                             0           0
/home/airflow/.local/lib/python3.6/site-packages/airflow/example_dags/test_utils.py                                                        0           0
/home/airflow/.local/lib/python3.6/site-packages/airflow/example_dags/example_skip_dag.py                                                  0           0
/home/airflow/.local/lib/python3.6/site-packages/airflow/example_dags/example_kubernetes_executor_config.py                                0           0
/home/airflow/.local/lib/python3.6/site-packages/airflow/example_dags/subdags/subdag.py                                                    0           0  0.80s           2023-12-23T04:39:56
/home/airflow/.local/lib/python3.6/site-packages/airflow/example_dags/example_complex.py                                                   1           0  1.97s           2023-12-23T04:39:57
/home/airflow/.local/lib/python3.6/site-packages/airflow/example_dags/example_short_circuit_operator.py                                    1           0  1.29s           2023-12-23T04:39:54
/home/airflow/.local/lib/python3.6/site-packages/airflow/example_dags/example_xcom.py                                                      1           0  8.48s           2023-12-23T04:40:08
/home/airflow/.local/lib/python3.6/site-packages/airflow/example_dags/example_passing_params_via_test_command.py                           1           0  1.49s           2023-12-23T04:39:55
/home/airflow/.local/lib/python3.6/site-packages/airflow/example_dags/example_kubernetes_executor.py                                       1           0  5.83s           2023-12-23T04:39:53
/home/airflow/.local/lib/python3.6/site-packages/airflow/example_dags/example_latest_only.py                                               1           0  0.91s           2023-12-23T04:39:58
/home/airflow/.local/lib/python3.6/site-packages/airflow/example_dags/example_branch_operator.py                                           1           0  7.48s           2023-12-23T04:40:21
/home/airflow/.local/lib/python3.6/site-packages/airflow/example_dags/example_latest_only_with_trigger.py                                  1           0  6.59s           2023-12-23T04:40:05
/home/airflow/.local/lib/python3.6/site-packages/airflow/example_dags/tutorial_etl_dag.py                                                  1           0  0.95s           2023-12-23T04:39:59
/home/airflow/.local/lib/python3.6/site-packages/airflow/example_dags/example_trigger_target_dag.py                                        1           0  5.92s           2023-12-23T04:39:53
/home/airflow/.local/lib/python3.6/site-packages/airflow/example_dags/tutorial_taskflow_api_etl.py                                         1           0  1.46s           2023-12-23T04:39:58
/home/airflow/.local/lib/python3.6/site-packages/airflow/example_dags/tutorial.py                                                          1           0  1.09s           2023-12-23T04:39:55
/home/airflow/.local/lib/python3.6/site-packages/airflow/example_dags/example_nested_branch_dag.py                                         1           0  8.33s           2023-12-23T04:40:13
/home/airflow/.local/lib/python3.6/site-packages/airflow/example_dags/example_external_task_marker_dag.py                                  2           0  5.71s           2023-12-23T04:40:13
/home/airflow/.local/lib/python3.6/site-packages/airflow/example_dags/example_xcomargs.py                                                  2           0  7.24s           2023-12-23T04:40:21
/home/airflow/.local/lib/python3.6/site-packages/airflow/example_dags/example_subdag_operator.py                                           3           0  1.08s           2023-12-23T04:39:58
================================================================================
[2023-12-23 04:40:26,641] {dag_processing.py:1092} INFO - Finding 'running' jobs without a recent heartbeat
[2023-12-23 04:40:26,660] {dag_processing.py:1096} INFO - Failing jobs without heartbeat after 2023-12-23 04:35:26.660055+00:00
[2023-12-23 04:40:37,046] {dag_processing.py:1092} INFO - Finding 'running' jobs without a recent heartbeat
[2023-12-23 04:40:37,053] {dag_processing.py:1096} INFO - Failing jobs without heartbeat after 2023-12-23 04:35:37.053351+00:00
[2023-12-23 04:40:43,719] {dag_processing.py:582} INFO - Exiting gracefully upon receiving signal 15
[2023-12-23 04:40:43,729] {dag_processing.py:582} INFO - Exiting gracefully upon receiving signal 15
[2023-12-23 04:40:43,730] {dag_processing.py:582} INFO - Exiting gracefully upon receiving signal 15
[2023-12-23 04:40:48,580] {dag_processing.py:582} INFO - Exiting gracefully upon receiving signal 15
[2023-12-23 04:40:49,083] {dag_processing.py:582} INFO - Exiting gracefully upon receiving signal 15
[2023-12-23 04:40:49,201] {dag_processing.py:582} INFO - Exiting gracefully upon receiving signal 15
